<?xml version="1.0" encoding="utf-8"?><testsuites name="pytest tests"><testsuite name="pytest" errors="0" failures="0" skipped="0" tests="14" time="3.290" timestamp="2026-07-04T15:54:55.977891+00:00" hostname="agent-env-368bd428-054d-4ed0-be5c-b4aaf6dfeef5"><testcase classname="backend.tests.test_iteration12_notifications_push.TestNotificationCounts" name="test_counts_endpoint_shape" time="0.486" /><testcase classname="backend.tests.test_iteration12_notifications_push.TestNotificationCounts" name="test_list_notifications_only_moments_types" time="0.050" /><testcase classname="backend.tests.test_iteration12_notifications_push.TestNotificationCounts" name="test_list_unread_matches_counts_moments_unread" time="0.094" /><testcase classname="backend.tests.test_iteration12_notifications_push.TestMarkRead" name="test_mark_read_moments_category" time="0.106" /><testcase classname="backend.tests.test_iteration12_notifications_push.TestMarkRead" name="test_mark_read_profile_category" time="0.100" /><testcase classname="backend.tests.test_iteration12_notifications_push.TestMarkRead" name="test_mark_read_no_category_marks_all" time="0.092" /><testcase classname="backend.tests.test_iteration12_notifications_push.TestFollowNotification" name="test_follow_creates_notification_and_succeeds_despite_push_failure" time="0.708" /><testcase classname="backend.tests.test_iteration12_notifications_push.TestVisitNotification" name="test_visit_creates_notification_only_once" time="0.295" /><testcase classname="backend.tests.test_iteration12_notifications_push.TestPushRegisterGraceful" name="test_register_push_fails_gracefully_with_placeholder_key" time="0.055" /><testcase classname="backend.tests.test_iteration12_notifications_push.TestPushRegisterGraceful" name="test_register_push_requires_auth" time="0.048" /><testcase classname="backend.tests.test_iteration12_notifications_push.TestAdminIntegrationFiles" name="test_list_integration_files" time="0.327" /><testcase classname="backend.tests.test_iteration12_notifications_push.TestAdminIntegrationFiles" name="test_upload_and_remove_integration_file" time="0.465" /><testcase classname="backend.tests.test_iteration12_notifications_push.TestAdminIntegrationFiles" name="test_unknown_integration_file_404" time="0.093" /><testcase classname="backend.tests.test_iteration12_notifications_push.TestAdminIntegrationFiles" name="test_admin_other_tabs_regression" time="0.247" /></testsuite></testsuites>