<?xml version="1.0" encoding="utf-8"?><testsuites name="pytest tests"><testsuite name="pytest" errors="0" failures="2" skipped="0" tests="20" time="13.055" timestamp="2026-07-02T21:08:40.841767+00:00" hostname="agent-env-27705287-0ddc-4ba9-be08-9a78a3c87ac4"><testcase classname="backend.tests.test_iteration7_features" name="test_health" time="0.128" /><testcase classname="backend.tests.test_iteration7_features" name="test_admin_stats" time="0.547" /><testcase classname="backend.tests.test_iteration7_features" name="test_admin_users_search" time="0.114" /><testcase classname="backend.tests.test_iteration7_features" name="test_admin_non_admin_forbidden" time="0.406" /><testcase classname="backend.tests.test_iteration7_features" name="test_admin_get_config" time="0.109" /><testcase classname="backend.tests.test_iteration7_features" name="test_admin_market_list" time="0.099" /><testcase classname="backend.tests.test_iteration7_features" name="test_admin_ban_and_login_blocked" time="0.851" /><testcase classname="backend.tests.test_iteration7_features" name="test_admin_restrict_and_moment_blocked" time="0.621" /><testcase classname="backend.tests.test_iteration7_features" name="test_admin_set_coins" time="0.096" /><testcase classname="backend.tests.test_iteration7_features" name="test_admin_grant_and_revoke_vip" time="0.187" /><testcase classname="backend.tests.test_iteration7_features" name="test_market_catalog_has_animated_frames" time="0.419" /><testcase classname="backend.tests.test_iteration7_features" name="test_admin_disable_item_hides_it" time="0.628" /><testcase classname="backend.tests.test_iteration7_features" name="test_visitors_free_user_locked" time="1.400" /><testcase classname="backend.tests.test_iteration7_features" name="test_translate_free_user_limit_and_vip_unlimited" time="1.357" /><testcase classname="backend.tests.test_iteration7_features" name="test_free_user_room_cap" time="0.513" /><testcase classname="backend.tests.test_iteration7_features" name="test_hide_moments_toggle_filters_feed" time="1.696" /><testcase classname="backend.tests.test_iteration7_features" name="test_block_user_prevents_messaging" time="0.952" /><testcase classname="backend.tests.test_iteration7_features" name="test_chat_mute_endpoint_exists" time="0.865"><failure message="AssertionError: Mute endpoint missing/broken: 404 {&quot;detail&quot;:&quot;Not Found&quot;}&#10;assert 404 in (200, 201)&#10; +  where 404 = &lt;Response [404]&gt;.status_code">E   AssertionError: Mute endpoint missing/broken: 404 {"detail":"Not Found"}
    assert 404 in (200, 201)
     +  where 404 = &lt;Response [404]&gt;.status_code</failure></testcase><testcase classname="backend.tests.test_iteration7_features" name="test_chat_clear_history_endpoint_exists" time="0.951"><failure message="AssertionError: Clear-history endpoint missing/broken: 405 {&quot;detail&quot;:&quot;Method Not Allowed&quot;}&#10;assert 405 in (200, 204)&#10; +  where 405 = &lt;Response [405]&gt;.status_code">E   AssertionError: Clear-history endpoint missing/broken: 405 {"detail":"Method Not Allowed"}
    assert 405 in (200, 204)
     +  where 405 = &lt;Response [405]&gt;.status_code</failure></testcase><testcase classname="backend.tests.test_iteration7_features" name="test_regression_login_and_feeds" time="1.044" /></testsuite></testsuites>